#
# There is insufficient memory for the Java Runtime Environment to continue.
# Native memory allocation (malloc) failed to allocate 167232 bytes for Chunk::new
# Possible reasons:
#   The system is out of physical RAM or swap space
#   In 32 bit mode, the process size limit was hit
# Possible solutions:
#   Reduce memory load on the system
#   Increase physical memory or swap space
#   Check if swap backing store is full
#   Use 64 bit Java on a 64 bit OS
#   Decrease Java heap size (-Xmx/-Xms)
#   Decrease number of Java threads
#   Decrease Java thread stack sizes (-Xss)
#   Set larger code cache with -XX:ReservedCodeCacheSize=
# This output file may be truncated or incomplete.
#
#  Out of Memory Error (allocation.cpp:390), pid=31692, tid=0x00000000000135f4
#
# JRE version: Java(TM) SE Runtime Environment (8.0_171-b11) (build 1.8.0_171-b11)
# Java VM: Java HotSpot(TM) 64-Bit Server VM (25.171-b11 mixed mode windows-amd64 compressed oops)
# Failed to write core dump. Minidumps are not enabled by default on client versions of Windows
#

---------------  T H R E A D  ---------------

Current thread (0x000000001acc3000):  JavaThread "C2 CompilerThread1" daemon [_thread_in_native, id=79348, stack(0x000000001b300000,0x000000001b400000)]

Stack: [0x000000001b300000,0x000000001b400000]
[error occurred during error reporting (printing stack bounds), id 0xc0000005]

Native frames: (J=compiled Java code, j=interpreted, Vv=VM code, C=native code)


Current CompileTask:
C2:   1410 1109  s!   4       sun.misc.URLClassPath::getLoader (243 bytes)


---------------  P R O C E S S  ---------------

Java Threads: ( => current thread )
  0x000000001ad59000 JavaThread "Service Thread" daemon [_thread_blocked, id=48408, stack(0x000000001b600000,0x000000001b700000)]
  0x000000001acc8000 JavaThread "C1 CompilerThread3" daemon [_thread_blocked, id=95824, stack(0x000000001b500000,0x000000001b600000)]
  0x000000001acc4000 JavaThread "C2 CompilerThread2" daemon [_thread_in_native, id=54064, stack(0x000000001b400000,0x000000001b500000)]
=>0x000000001acc3000 JavaThread "C2 CompilerThread1" daemon [_thread_in_native, id=79348, stack(0x000000001b300000,0x000000001b400000)]
  0x000000001acc2800 JavaThread "C2 CompilerThread0" daemon [_thread_in_native, id=21876, stack(0x000000001b200000,0x000000001b300000)]
  0x000000001a05c800 JavaThread "JDWP Command Reader" daemon [_thread_in_native, id=45744, stack(0x000000001a900000,0x000000001aa00000)]
  0x000000001a04c800 JavaThread "JDWP Event Helper Thread" daemon [_thread_blocked, id=89340, stack(0x000000001a800000,0x000000001a900000)]
  0x000000001a042000 JavaThread "JDWP Transport Listener: dt_socket" daemon [_thread_blocked, id=66508, stack(0x000000001a700000,0x000000001a800000)]
  0x000000001a038000 JavaThread "Attach Listener" daemon [_thread_blocked, id=70904, stack(0x000000001a600000,0x000000001a700000)]
  0x0000000019fce800 JavaThread "Signal Dispatcher" daemon [_thread_blocked, id=77376, stack(0x000000001a500000,0x000000001a600000)]
  0x00000000180c5800 JavaThread "Finalizer" daemon [_thread_blocked, id=17816, stack(0x000000001a3a0000,0x000000001a4a0000)]
  0x00000000180be800 JavaThread "Reference Handler" daemon [_thread_blocked, id=40328, stack(0x0000000019ea0000,0x0000000019fa0000)]
  0x0000000002f79000 JavaThread "main" [_thread_in_vm, id=95516, stack(0x0000000002e10000,0x0000000002f10000)]

Other Threads:
  0x00000000180b6800 VMThread [stack: 0x0000000019da0000,0x0000000019ea0000] [id=55904]
  0x000000001acf7000 WatcherThread [stack: 0x000000001b700000,0x000000001b800000] [id=56036]

VM state:not at safepoint (normal execution)

VM Mutex/Monitor currently owned by a thread: None

Heap:
 PSYoungGen      total 37888K, used 16329K [0x00000000d6500000, 0x00000000d8f00000, 0x0000000100000000)
  eden space 32768K, 35% used [0x00000000d6500000,0x00000000d7078b18,0x00000000d8500000)
  from space 5120K, 89% used [0x00000000d8a00000,0x00000000d8e79b70,0x00000000d8f00000)
  to   space 5120K, 0% used [0x00000000d8500000,0x00000000d8500000,0x00000000d8a00000)
 ParOldGen       total 86016K, used 24K [0x0000000082e00000, 0x0000000088200000, 0x00000000d6500000)
  object space 86016K, 0% used [0x0000000082e00000,0x0000000082e06000,0x0000000088200000)
 Metaspace       used 11148K, capacity 12170K, committed 12416K, reserved 1060864K
  class space    used 1410K, capacity 1619K, committed 1664K, reserved 1048576K

Card table byte_map: [0x00000000125c0000,0x00000000129b0000] byte_map_base: 0x00000000121a9000

Marking Bits: (ParMarkBitMap*) 0x00000000687b08c0
 Begin Bits: [0x0000000013450000, 0x0000000015398000)
 End Bits:   [0x0000000015398000, 0x00000000172e0000)

Polling page: 0x0000000000c80000

CodeCache: size=245760Kb used=4247Kb max_used=4247Kb free=241512Kb
 bounds [0x0000000003200000, 0x0000000003630000, 0x0000000012200000]
 total_blobs=1423 nmethods=1117 adapters=226
 compilation: enabled

Compilation events (10 events):
Event: 1.406 Thread 0x000000001acc8000 1114       3       java.lang.reflect.Method::<init> (68 bytes)
Event: 1.406 Thread 0x000000001acc8000 nmethod 1114 0x0000000003626110 code [0x0000000003626280, 0x00000000036265d0]
Event: 1.407 Thread 0x000000001acc8000 1115       3       sun.reflect.DelegatingConstructorAccessorImpl::newInstance (9 bytes)
Event: 1.407 Thread 0x000000001acc8000 nmethod 1115 0x0000000003625cd0 code [0x0000000003625e40, 0x0000000003626068]
Event: 1.407 Thread 0x000000001acc8000 1116       3       java.lang.reflect.Method::copy (84 bytes)
Event: 1.407 Thread 0x000000001acc8000 nmethod 1116 0x0000000003625650 code [0x00000000036257e0, 0x0000000003625b98]
Event: 1.408 Thread 0x000000001acc8000 1118       3       java.lang.Class$ReflectionData::<init> (10 bytes)
Event: 1.408 Thread 0x000000001acc8000 nmethod 1118 0x0000000003623e90 code [0x0000000003623fe0, 0x0000000003624190]
Event: 1.408 Thread 0x000000001acc8000 1119       3       java.lang.Class$Atomic::casReflectionData (13 bytes)
Event: 1.409 Thread 0x000000001acc8000 nmethod 1119 0x0000000003625250 code [0x00000000036253a0, 0x0000000003625510]

GC Heap History (4 events):
Event: 0.943 GC heap before
{Heap before GC invocations=1 (full 0):
 PSYoungGen      total 37888K, used 32768K [0x00000000d6500000, 0x00000000d8f00000, 0x0000000100000000)
  eden space 32768K, 100% used [0x00000000d6500000,0x00000000d8500000,0x00000000d8500000)
  from space 5120K, 0% used [0x00000000d8a00000,0x00000000d8a00000,0x00000000d8f00000)
  to   space 5120K, 0% used [0x00000000d8500000,0x00000000d8500000,0x00000000d8a00000)
 ParOldGen       total 86016K, used 0K [0x0000000082e00000, 0x0000000088200000, 0x00000000d6500000)
  object space 86016K, 0% used [0x0000000082e00000,0x0000000082e00000,0x0000000088200000)
 Metaspace       used 7466K, capacity 7996K, committed 8320K, reserved 1056768K
  class space    used 922K, capacity 1045K, committed 1152K, reserved 1048576K
Event: 0.946 GC heap after
Heap after GC invocations=1 (full 0):
 PSYoungGen      total 37888K, used 3711K [0x00000000d6500000, 0x00000000d8f00000, 0x0000000100000000)
  eden space 32768K, 0% used [0x00000000d6500000,0x00000000d6500000,0x00000000d8500000)
  from space 5120K, 72% used [0x00000000d8500000,0x00000000d889feb0,0x00000000d8a00000)
  to   space 5120K, 0% used [0x00000000d8a00000,0x00000000d8a00000,0x00000000d8f00000)
 ParOldGen       total 86016K, used 16K [0x0000000082e00000, 0x0000000088200000, 0x00000000d6500000)
  object space 86016K, 0% used [0x0000000082e00000,0x0000000082e04000,0x0000000088200000)
 Metaspace       used 7466K, capacity 7996K, committed 8320K, reserved 1056768K
  class space    used 922K, capacity 1045K, committed 1152K, reserved 1048576K
}
Event: 1.282 GC heap before
{Heap before GC invocations=2 (full 0):
 PSYoungGen      total 37888K, used 36479K [0x00000000d6500000, 0x00000000d8f00000, 0x0000000100000000)
  eden space 32768K, 100% used [0x00000000d6500000,0x00000000d8500000,0x00000000d8500000)
  from space 5120K, 72% used [0x00000000d8500000,0x00000000d889feb0,0x00000000d8a00000)
  to   space 5120K, 0% used [0x00000000d8a00000,0x00000000d8a00000,0x00000000d8f00000)
 ParOldGen       total 86016K, used 16K [0x0000000082e00000, 0x0000000088200000, 0x00000000d6500000)
  object space 86016K, 0% used [0x0000000082e00000,0x0000000082e04000,0x0000000088200000)
 Metaspace       used 10570K, capacity 11558K, committed 11776K, reserved 1058816K
  class space    used 1323K, capacity 1533K, committed 1536K, reserved 1048576K
Event: 1.287 GC heap after
Heap after GC invocations=2 (full 0):
 PSYoungGen      total 37888K, used 4582K [0x00000000d6500000, 0x00000000d8f00000, 0x0000000100000000)
  eden space 32768K, 0% used [0x00000000d6500000,0x00000000d6500000,0x00000000d8500000)
  from space 5120K, 89% used [0x00000000d8a00000,0x00000000d8e79b70,0x00000000d8f00000)
  to   space 5120K, 0% used [0x00000000d8500000,0x00000000d8500000,0x00000000d8a00000)
 ParOldGen       total 86016K, used 24K [0x0000000082e00000, 0x0000000088200000, 0x00000000d6500000)
  object space 86016K, 0% used [0x0000000082e00000,0x0000000082e06000,0x0000000088200000)
 Metaspace       used 10570K, capacity 11558K, committed 11776K, reserved 1058816K
  class space    used 1323K, capacity 1533K, committed 1536K, reserved 1048576K
}

Deoptimization events (7 events):
Event: 0.820 Thread 0x0000000002f79000 Uncommon trap: reason=unstable_if action=reinterpret pc=0x000000000343cf80 method=sun.misc.MetaIndex.mayContain(Ljava/lang/String;)Z @ 38
Event: 1.110 Thread 0x0000000002f79000 Uncommon trap: reason=unstable_if action=reinterpret pc=0x00000000034cc534 method=java.lang.String.lastIndexOf([CII[CIII)I @ 17
Event: 1.227 Thread 0x0000000002f79000 Uncommon trap: reason=class_check action=maybe_recompile pc=0x000000000330ec04 method=java.lang.String.equals(Ljava/lang/Object;)Z @ 8
Event: 1.231 Thread 0x0000000002f79000 Uncommon trap: reason=class_check action=maybe_recompile pc=0x000000000330ec04 method=java.lang.String.equals(Ljava/lang/Object;)Z @ 8
Event: 1.231 Thread 0x0000000002f79000 Uncommon trap: reason=class_check action=maybe_recompile pc=0x000000000330ec04 method=java.lang.String.equals(Ljava/lang/Object;)Z @ 8
Event: 1.235 Thread 0x0000000002f79000 Uncommon trap: reason=class_check action=maybe_recompile pc=0x000000000330ec04 method=java.lang.String.equals(Ljava/lang/Object;)Z @ 8
Event: 1.346 Thread 0x0000000002f79000 Uncommon trap: reason=bimorphic action=maybe_recompile pc=0x00000000035ef484 method=java.util.HashMap.putVal(ILjava/lang/Object;Ljava/lang/Object;ZZ)Ljava/lang/Object; @ 203

Classes redefined (0 events):
No events

Internal exceptions (10 events):
Event: 0.940 Thread 0x0000000002f79000 Exception <a 'java/lang/NoSuchMethodError': java.lang.Object.containsTests(Lorg/junit/platform/engine/TestDescriptor;)Z> (0x00000000d84e9288) thrown at [C:\re\workspace\8-2-build-windows-amd64-cygwin\jdk8u171\10807\hotspot\src\share\vm\interpreter\linkRes
Event: 0.960 Thread 0x0000000002f79000 Exception <a 'java/lang/IncompatibleClassChangeError': Found class java.lang.Object, but interface was expected> (0x00000000d65a06e0) thrown at [C:\re\workspace\8-2-build-windows-amd64-cygwin\jdk8u171\10807\hotspot\src\share\vm\interpreter\linkResolver.cp
Event: 0.988 Thread 0x0000000002f79000 Exception <a 'java/lang/NoSuchMethodError': java.lang.Object.lambda$comparing$77a9974f$1(Ljava/util/function/Function;Ljava/lang/Object;Ljava/lang/Object;)I> (0x00000000d68c54c0) thrown at [C:\re\workspace\8-2-build-windows-amd64-cygwin\jdk8u171\10807\hot
Event: 0.989 Thread 0x0000000002f79000 Exception <a 'java/lang/NoSuchMethodError': java.lang.Object.lambda$thenComparing$36697e65$1(Ljava/util/Comparator;Ljava/lang/Object;Ljava/lang/Object;)I> (0x00000000d68d7ed0) thrown at [C:\re\workspace\8-2-build-windows-amd64-cygwin\jdk8u171\10807\hotspo
Event: 0.990 Thread 0x0000000002f79000 Exception <a 'java/lang/NoSuchMethodError': java.lang.Object.lambda$comparing$ea9a8b3a$1(Ljava/util/Comparator;Ljava/util/function/Function;Ljava/lang/Object;Ljava/lang/Object;)I> (0x00000000d68e0240) thrown at [C:\re\workspace\8-2-build-windows-amd64-cyg
Event: 1.034 Thread 0x0000000002f79000 Exception <a 'java/lang/NoSuchMethodError': java.lang.Object.lambda$and$0(Lorg/springframework/util/ReflectionUtils$MethodFilter;Ljava/lang/reflect/Method;)Z> (0x00000000d6e7a648) thrown at [C:\re\workspace\8-2-build-windows-amd64-cygwin\jdk8u171\10807\ho
Event: 1.036 Thread 0x0000000002f79000 Exception <a 'java/lang/NoSuchMethodError': java.lang.Object.lambda$and$0(Ljava/util/function/Predicate;Ljava/lang/Object;)Z> (0x00000000d6e9c030) thrown at [C:\re\workspace\8-2-build-windows-amd64-cygwin\jdk8u171\10807\hotspot\src\share\vm\interpreter\li
Event: 1.108 Thread 0x0000000002f79000 Exception <a 'java/io/FileNotFoundException'> (0x00000000d74da2f8) thrown at [C:\re\workspace\8-2-build-windows-amd64-cygwin\jdk8u171\10807\hotspot\src\share\vm\prims\jni.cpp, line 709]
Event: 1.168 Thread 0x0000000002f79000 Exception <a 'java/lang/NoSuchMethodError': org.slf4j.impl.StaticMDCBinder.getSingleton()Lorg/slf4j/impl/StaticMDCBinder;> (0x00000000d78e9e28) thrown at [C:\re\workspace\8-2-build-windows-amd64-cygwin\jdk8u171\10807\hotspot\src\share\vm\interpreter\linkR
Event: 1.358 Thread 0x0000000002f79000 Exception <a 'java/lang/NoSuchMethodError': java.lang.Object.lambda$comparingInt$7b0bb60$1(Ljava/util/function/ToIntFunction;Ljava/lang/Object;Ljava/lang/Object;)I> (0x00000000d6b9ffe8) thrown at [C:\re\workspace\8-2-build-windows-amd64-cygwin\jdk8u171\10

Events (10 events):
Event: 1.405 Thread 0x0000000002f79000 DEOPT PACKING pc=0x000000000335d974 sp=0x0000000002f0bcb0
Event: 1.405 Thread 0x0000000002f79000 DEOPT UNPACKING pc=0x0000000003247890 sp=0x0000000002f0bad0 mode 1
Event: 1.407 loading class org/springframework/stereotype/Indexed
Event: 1.407 loading class org/springframework/stereotype/Indexed done
Event: 1.407 Thread 0x0000000002f79000 DEOPT PACKING pc=0x00000000034b5941 sp=0x0000000002f0be30
Event: 1.407 Thread 0x0000000002f79000 DEOPT UNPACKING pc=0x0000000003247890 sp=0x0000000002f0bb80 mode 1
Event: 1.407 Thread 0x0000000002f79000 DEOPT PACKING pc=0x000000000335dbdc sp=0x0000000002f0beb0
Event: 1.407 Thread 0x0000000002f79000 DEOPT UNPACKING pc=0x0000000003247890 sp=0x0000000002f0bcd0 mode 1
Event: 1.407 Thread 0x0000000002f79000 DEOPT PACKING pc=0x000000000335d974 sp=0x0000000002f0c040
Event: 1.407 Thread 0x0000000002f79000 DEOPT UNPACKING pc=0x0000000003247890 sp=0x0000000002f0be60 mode 1


Dynamic libraries:
0x00007ff755ce0000 - 0x00007ff755d17000 	C:\Program Files\Java\jdk1.8.0_171\bin\java.exe
0x00007ffe9d5b0000 - 0x00007ffe9d7a8000 	C:\WINDOWS\SYSTEM32\ntdll.dll
0x00007ffe9beb0000 - 0x00007ffe9bf6d000 	C:\WINDOWS\System32\KERNEL32.DLL
0x00007ffe9aee0000 - 0x00007ffe9b1d6000 	C:\WINDOWS\System32\KERNELBASE.dll
0x00007ffe9bce0000 - 0x00007ffe9bd8f000 	C:\WINDOWS\System32\ADVAPI32.dll
0x00007ffe9d360000 - 0x00007ffe9d3fe000 	C:\WINDOWS\System32\msvcrt.dll
0x00007ffe9baf0000 - 0x00007ffe9bb8c000 	C:\WINDOWS\System32\sechost.dll
0x00007ffe9c960000 - 0x00007ffe9ca86000 	C:\WINDOWS\System32\RPCRT4.dll
0x00007ffe9b690000 - 0x00007ffe9b82e000 	C:\WINDOWS\System32\USER32.dll
0x00007ffe9b570000 - 0x00007ffe9b592000 	C:\WINDOWS\System32\win32u.dll
0x00007ffe9c180000 - 0x00007ffe9c1ac000 	C:\WINDOWS\System32\GDI32.dll
0x00007ffe9ac90000 - 0x00007ffe9adaa000 	C:\WINDOWS\System32\gdi32full.dll
0x00007ffe9ae40000 - 0x00007ffe9aedd000 	C:\WINDOWS\System32\msvcp_win.dll
0x00007ffe9b3f0000 - 0x00007ffe9b4f0000 	C:\WINDOWS\System32\ucrtbase.dll
0x00007ffe81c90000 - 0x00007ffe81f2a000 	C:\WINDOWS\WinSxS\amd64_microsoft.windows.common-controls_6595b64144ccf1df_6.0.19041.3636_none_60b6a03d71f818d5\COMCTL32.dll
0x00007ffe9b970000 - 0x00007ffe9b9a0000 	C:\WINDOWS\System32\IMM32.DLL
0x0000000068940000 - 0x0000000068a12000 	C:\Program Files\Java\jdk1.8.0_171\jre\bin\msvcr100.dll
0x0000000067f90000 - 0x0000000068830000 	C:\Program Files\Java\jdk1.8.0_171\jre\bin\server\jvm.dll
0x00007ffe9d4b0000 - 0x00007ffe9d4b8000 	C:\WINDOWS\System32\PSAPI.DLL
0x00007ffe90800000 - 0x00007ffe9080a000 	C:\WINDOWS\SYSTEM32\VERSION.dll
0x00007ffe762b0000 - 0x00007ffe762b9000 	C:\WINDOWS\SYSTEM32\WSOCK32.dll
0x00007ffe83e00000 - 0x00007ffe83e27000 	C:\WINDOWS\SYSTEM32\WINMM.dll
0x00007ffe9d2f0000 - 0x00007ffe9d35b000 	C:\WINDOWS\System32\WS2_32.dll
0x000000006a780000 - 0x000000006a78f000 	C:\Program Files\Java\jdk1.8.0_171\jre\bin\verify.dll
0x000000006a750000 - 0x000000006a779000 	C:\Program Files\Java\jdk1.8.0_171\jre\bin\java.dll
0x00000000694a0000 - 0x00000000694d5000 	C:\Program Files\Java\jdk1.8.0_171\jre\bin\jdwp.dll
0x000000006a710000 - 0x000000006a718000 	C:\Program Files\Java\jdk1.8.0_171\jre\bin\npt.dll
0x0000000067f60000 - 0x0000000067f83000 	C:\Program Files\Java\jdk1.8.0_171\jre\bin\instrument.dll
0x000000006a730000 - 0x000000006a746000 	C:\Program Files\Java\jdk1.8.0_171\jre\bin\zip.dll
0x00007ffe9c1b0000 - 0x00007ffe9c8f4000 	C:\WINDOWS\System32\SHELL32.dll
0x00007ffe98d30000 - 0x00007ffe994cb000 	C:\WINDOWS\SYSTEM32\windows.storage.dll
0x00007ffe9cf90000 - 0x00007ffe9d2e4000 	C:\WINDOWS\System32\combase.dll
0x00007ffe9a6d0000 - 0x00007ffe9a6fd000 	C:\WINDOWS\SYSTEM32\Wldp.dll
0x00007ffe9d4c0000 - 0x00007ffe9d56d000 	C:\WINDOWS\System32\SHCORE.dll
0x00007ffe9c900000 - 0x00007ffe9c955000 	C:\WINDOWS\System32\shlwapi.dll
0x00007ffe9abc0000 - 0x00007ffe9abe5000 	C:\WINDOWS\SYSTEM32\profapi.dll
0x000000006a700000 - 0x000000006a709000 	C:\Program Files\Java\jdk1.8.0_171\jre\bin\dt_socket.dll
0x00007ffe9a430000 - 0x00007ffe9a49a000 	C:\WINDOWS\System32\mswsock.dll

VM Arguments:
jvm_args: -agentlib:jdwp=transport=dt_socket,address=127.0.0.1:10415,suspend=y,server=n -ea -Didea.test.cyclic.buffer.size=1048576 -javaagent:C:\Users\zzqwd\AppData\Local\JetBrains\IntelliJIdea2020.1\captureAgent\debugger-agent.jar -Dfile.encoding=UTF-8 
java_command: com.intellij.rt.junit.JUnitStarter -ideVersion5 -junit5 com.itheima.stock.TestRestTemplate,test02
java_class_path (initial): D:\Program Files\JetBrains\IntelliJ IDEA 2020.1.1\lib\idea_rt.jar;C:\Users\zzqwd\.m2\repository\org\junit\platform\junit-platform-launcher\1.7.2\junit-platform-launcher-1.7.2.jar;D:\Program Files\JetBrains\IntelliJ IDEA 2020.1.1\plugins\junit\lib\junit5-rt.jar;D:\Program Files\JetBrains\IntelliJ IDEA 2020.1.1\plugins\junit\lib\junit-rt.jar;C:\Program Files\Java\jdk1.8.0_171\jre\lib\charsets.jar;C:\Program Files\Java\jdk1.8.0_171\jre\lib\deploy.jar;C:\Program Files\Java\jdk1.8.0_171\jre\lib\ext\access-bridge-64.jar;C:\Program Files\Java\jdk1.8.0_171\jre\lib\ext\cldrdata.jar;C:\Program Files\Java\jdk1.8.0_171\jre\lib\ext\dnsns.jar;C:\Program Files\Java\jdk1.8.0_171\jre\lib\ext\jaccess.jar;C:\Program Files\Java\jdk1.8.0_171\jre\lib\ext\jfxrt.jar;C:\Program Files\Java\jdk1.8.0_171\jre\lib\ext\localedata.jar;C:\Program Files\Java\jdk1.8.0_171\jre\lib\ext\nashorn.jar;C:\Program Files\Java\jdk1.8.0_171\jre\lib\ext\sunec.jar;C:\Program Files\Java\jdk1.8.0_171\jre\lib\ext\sunjce_provider.jar;C:\Program Files\Java\jdk1.8.0_171\jre\lib\ext\sunmscapi.jar;C:\Program Files\Java\jdk1.8.0_171\jre\lib\ext\sunpkcs11.jar;C:\Program Files\Java\jdk1.8.0_171\jre\lib\ext\zipfs.jar;C:\Program Files\Java\jdk1.8.0_171\jre\lib\javaws.jar;C:\Program Files\Java\jdk1.8.0_171\jre\lib\jce.jar;C:\Program Files\Java\jdk1.8.0_171\jre\lib\jfr.jar;C:\Program Files\Java\jdk1.8.0_171\jre\lib\jfxswt.jar;C:\Program Files\Java\jdk1.8.0_171\jre\lib\jsse.jar;C:\Program Files\Java\jdk1.8.0_171\jre\lib\management-agent.jar;C:\Program Files\Java\jdk1.8.0_171\jre\lib\plugin.jar;C:\Program Files\Java\jdk1.8.0_171\jre\lib\resources.jar;C:\Program Files\Java\jdk1.8.0_171\jre\lib\rt.jar;D:\java2\stock_parent\stock_job\target\test-classes;D:\java2\stock_parent\stock_job\target\classes;D:\java2\stock_parent\stock_common\target\classes;C:\Users\zzqwd\.m2\repository\org\projectlombok\lombok\1.18.20\lombok-1.18.20.jar;C:\Users\zzqwd\.m2\repository\com\fasterxml\jackson\core\jackson-annotations
Launcher Type: SUN_STANDARD

Environment Variables:
JAVA_HOME=C:\Program Files\Java\jdk1.8.0_171
CLASSPATH=.;C:\Program Files\Java\jdk1.8.0_171\lib;C:\Program Files\Java\jdk1.8.0_171\lib\dt.jar;C:\Program Files\Java\jdk1.8.0_171\lib\tools.jar
PATH=C:\windows\system32;C:\windows;C:\windows\System32\Wbem;C:\windows\System32\WindowsPowerShell\v1.0\;C:\windows\System32\OpenSSH\;C:\Program Files (x86)\NVIDIA Corporation\PhysX\Common;C:\WINDOWS\system32;C:\WINDOWS;C:\WINDOWS\System32\Wbem;C:\WINDOWS\System32\WindowsPowerShell\v1.0\;C:\WINDOWS\System32\OpenSSH\;C:\Program Files\Intel\WiFi\bin\;C:\Program Files\Common Files\Intel\WirelessCommon\;C:\Program Files\Java\jdk1.8.0_171\bin;C:\Program Files\Java\jdk1.8.0_171\jre\bin;C:\RailsInstaller\Git\bin;C:\RailsInstaller\Ruby2.2.0\bin;D:\apache-maven-3.8.1\bin;C:\Users\zzqwd\AppData\Local\Microsoft\WindowsApps;
USERNAME=zzqwd
OS=Windows_NT
PROCESSOR_IDENTIFIER=Intel64 Family 6 Model 158 Stepping 10, GenuineIntel



---------------  S Y S T E M  ---------------

OS: Windows 10.0 , 64 bit Build 19041 (10.0.19041.3636)

CPU:total 8 (initial active 8) (4 cores per cpu, 2 threads per core) family 6 model 158 stepping 10, cmov, cx8, fxsr, mmx, sse, sse2, sse3, ssse3, sse4.1, sse4.2, popcnt, avx, avx2, aes, clmul, erms, 3dnowpref, lzcnt, ht, tsc, tscinvbit, bmi1, bmi2, adx

Memory: 4k page, physical 8192444k(538840k free), swap 23660088k(2288k free)

vm_info: Java HotSpot(TM) 64-Bit Server VM (25.171-b11) for windows-amd64 JRE (1.8.0_171-b11), built on Mar 28 2018 16:06:12 by "java_re" with MS VC++ 10.0 (VS2010)

time: Wed Sep 11 23:06:23 2024
elapsed time: 1 seconds (0d 0h 0m 1s)

